make all --print-data-base --no-builtin-variables --no-builtin-rules --question
# GNU Make 3.81
# Copyright (C) 2006  Free Software Foundation, Inc.
# This is free software; see the source for copying conditions.
# There is NO warranty; not even for MERCHANTABILITY or FITNESS FOR A
# PARTICULAR PURPOSE.

# This program built for i386-apple-darwin11.3.0
 
make: *** No rule to make target `all'.  Stop.


# Make data base, printed on Wed Jul 27 19:17:02 2022

# Variables

# automatic
<D = $(patsubst %/,%,$(dir $<))
 
# automatic
?F = $(notdir $?)
# makefile (from `.env', line 13)
ORDERS_DATABASE_NAME = order-service
# makefile (from `makefile', line 2)
# := 
# automatic
?D = $(patsubst %/,%,$(dir $?))
# automatic
@D = $(patsubst %/,%,$(dir $@))
# automatic
@F = $(notdir $@)
# makefile
CURDIR := /Users/lucas/development/e-commerce
# makefile
SHELL = /bin/sh
# environment
VSCODE_NLS_CONFIG = {"locale":"pt-br","availableLanguages":{},"_languagePackSupport":true}
# makefile (from `.env', line 10)
CADENCE_HOST_ADDRESS_AND_PORT = 127.0.0.1:7933
# environment
_ = /usr/bin/make
# makefile (from `.env', line 1)
MAKEFILE_LIST :=  makefile .env
# makefile (from `.env', line 4)
DEBUG = true
# environment
VSCODE_AMD_ENTRYPOINT = vs/workbench/api/node/extensionHostProcess
# environment
__CFBundleIdentifier = com.microsoft.VSCode
# environment
INFOPATH = /opt/homebrew/share/info:
# environment
VSCODE_CWD = /
# environment
GOPROXY = https://proxy.golang.org,direct
# environment
PATH = /Users/lucas/.asdf/shims:/Users/lucas/.asdf/bin:/opt/homebrew/bin:/opt/homebrew/sbin:/usr/local/bin:/usr/bin:/bin:/usr/sbin:/sbin:/usr/local/go/bin:/usr/local/share/dotnet:~/.dotnet/tools:/Library/Apple/usr/bin:/Users/lucas/.fig/bin:/Users/lucas/flutter/bin
# environment
LSCOLORS = Gxfxcxdxbxegedabagacad
# makefile (from `makefile', line 4)
GOPATH = $(shell go env GOPATH)
# makefile (from `.env', line 3)
LOG_LEVEL = Debug
# environment
ELECTRON_RUN_AS_NODE = 1
# default
.FEATURES := target-specific order-only second-expansion else-if archives jobserver check-symlink
# makefile (from `.env', line 16)
PRODUCTS_COLLECTION_NAME = products
# environment
SSH_AUTH_SOCK = /private/tmp/com.apple.launchd.kseKjL9hcV/Listeners
# automatic
%F = $(notdir $%)
# environment
PWD = /Users/lucas/development/e-commerce
# environment
HOMEBREW_CELLAR = /opt/homebrew/Cellar
# environment
ORIGINAL_XDG_CURRENT_DESKTOP = undefined
# environment
MANPATH = /opt/homebrew/share/man::
# makefile (from `makefile', line 2)
variables := 
# makefile (from `makefile', line 2)
Generic := 
# environment
GOMODCACHE = /Users/lucas/.asdf/installs/golang/1.17.5/packages/pkg/mod
# environment
HOME = /Users/lucas
# default
MAKEFILEPATH := /Applications/Xcode.app/Contents/Developer/Makefiles
# environment
VSCODE_CODE_CACHE_PATH = /Users/lucas/Library/Application Support/Code/CachedData/3b889b090b5ad5793f524b5d1d39fda662b96a2a
# environment
LOGNAME = lucas
# environment
APPLICATION_INSIGHTS_NO_DIAGNOSTIC_CHANNEL = true
# environment
ZSH = /Users/lucas/.oh-my-zsh
# environment
VSCODE_HANDLES_UNCAUGHT_ERRORS = true
# automatic
^D = $(patsubst %/,%,$(dir $^))
# makefile (from `makefile', line 2)
Vars := 
# environment
XPC_FLAGS = 0x0
# default
MAKE = $(MAKE_COMMAND)
# default
MAKECMDGOALS := all
# environment
SHLVL = 1
# default
MAKE_VERSION := 3.81
# environment
USER = lucas
# makefile
.DEFAULT_GOAL := server
# makefile (from `.env', line 12)
MONGODB_URI = mongodb://localhost:27017
# environment
LESS = -R
# automatic
%D = $(patsubst %/,%,$(dir $%))
# default
MAKE_COMMAND := /Applications/Xcode.app/Contents/Developer/usr/bin/make
# default
.VARIABLES := 
# environment
TMPDIR = /var/folders/s2/08mdnfvn34j06wp6vhq_2_mm0000gn/T/
# automatic
*F = $(notdir $*)
# environment
VSCODE_IPC_HOOK = /Users/lucas/Library/Application Support/Code/1.69.2-main.sock
# environment
MallocNanoZone = 0
# makefile
MAKEFLAGS = Rrqp
# environment
MFLAGS = -Rrqp
# automatic
*D = $(patsubst %/,%,$(dir $*))
# environment
XPC_SERVICE_NAME = application.com.microsoft.VSCode.9969994.9970000
# makefile (from `.env', line 9)
CADENCE_DOMAIN_NAME = e-commerce
 
# environment
HOMEBREW_PREFIX = /opt/homebrew
# automatic
+D = $(patsubst %/,%,$(dir $+))
# automatic
+F = $(notdir $+)
# environment
HOMEBREW_REPOSITORY = /opt/homebrew
# environment
__CF_USER_TEXT_ENCODING = 0x1F5:0x0:0x47
# environment
COMMAND_MODE = unix2003
# default
MAKEFILES := 
# automatic
<F = $(notdir $<)
# makefile (from `makefile', line 2)
Cadence := 
# makefile (from `.env', line 7)
CADENCE_CLIENT_NAME = cadence-client
# environment
PAGER = less
# environment
LC_ALL = C
# makefile (from `.env', line 8)
CADENCE_FRONTEND_NAME = cadence-frontend
# automatic
^F = $(notdir $^)
# default
SUFFIXES := 
# environment
ASDF_DIR = /Users/lucas/.asdf
# makefile (from `.env', line 2)
GO_ENV = development
# environment
MAKELEVEL := 0
# makefile (from `.env', line 15)
PRODUCTS_DATABASE_NAME = product-service
# makefile (from `.env', line 14)
ORDERS_COLLECTION_NAME = orders
# environment
LANG = C
# environment
VSCODE_PID = 16735
# variable set hash-table stats:
# Load=87/1024=8%, Rehash=0, Collisions=6/133=5%

# Pattern-specific Variable Values

# No pattern-specific variable values.

# Directories

# . (device 16777230, inode 757899): 21 files, no impossibilities.

# 21 files, no impossibilities in 1 directories.

# Implicit Rules

# No implicit rules.

# Files

# Not a target:
all:
#  Command-line target.
#  Implicit rule search has been done.
#  File does not exist.
#  File has not been updated.
# variable set hash-table stats:
# Load=0/32=0%, Rehash=0, Collisions=0/0=0%

payment-finished:
#  Implicit rule search has not been done.
#  Modification time never checked.
#  File has not been updated.
#  commands to execute (from `makefile', line 43):
	@ go run ./trigger/main.go PaymentFinished $(filter-out $@,$(MAKECMDGOALS))
	

# Not a target:
.SUFFIXES:
#  Implicit rule search has not been done.
#  Modification time never checked.
#  File has not been updated.

shipment-finished:
#  Implicit rule search has not been done.
#  Modification time never checked.
#  File has not been updated.
#  commands to execute (from `makefile', line 46):
	@ go run ./trigger/main.go ShipmentFinished $(filter-out $@,$(MAKECMDGOALS))
	

server:
#  Implicit rule search has not been done.
#  Modification time never checked.
#  File has not been updated.
#  commands to execute (from `makefile', line 7):
	@ echo
	@ echo "Starting the API..."
	@ echo
	@ go run ./cmd/api/main.go
	

test:
#  Implicit rule search has not been done.
#  Modification time never checked.
#  File has not been updated.
#  commands to execute (from `makefile', line 13):
	@ echo
	@ echo "Starting running tests..."
	@ echo
	@ go clean -testcache & go test -cover ./...
	

# Not a target:
makefile:
#  Implicit rule search has been done.
#  Last modified 2021-12-25 08:20:51
#  File has been updated.
#  Successfully updated.
# variable set hash-table stats:
# Load=0/32=0%, Rehash=0, Collisions=0/0=0%

cadence-containers:
#  Implicit rule search has not been done.
#  Modification time never checked.
#  File has not been updated.
#  commands to execute (from `makefile', line 19):
	@ echo
	@ echo "Starting Cassandra Cadence and Cadence Web..."
	@ echo
	@ docker-compose up -d cassandra cadence cadence-web
	

# Not a target:
.env:
#  Implicit rule search has been done.
#  Last modified 2021-12-25 08:20:51
#  File has been updated.
#  Successfully updated.
# variable set hash-table stats:
# Load=0/32=0%, Rehash=0, Collisions=0/0=0%

# Not a target:
.DEFAULT:
#  Implicit rule search has not been done.
#  Modification time never checked.
#  File has not been updated.

storage-check-reservation-finished:
#  Implicit rule search has not been done.
#  Modification time never checked.
#  File has not been updated.
#  commands to execute (from `makefile', line 40):
	@ go run ./trigger/main.go StorageCheckReservationFinished $(filter-out $@,$(MAKECMDGOALS))
	

cadence-worker:
#  Implicit rule search has not been done.
#  Modification time never checked.
#  File has not been updated.
#  commands to execute (from `makefile', line 31):
	@ echo
	@ echo "Starting the Cadence Worker..."
	@ echo
	@ go run ./cmd/workflowworker/main.go
	

order:
#  Implicit rule search has not been done.
#  Modification time never checked.
#  File has not been updated.
#  commands to execute (from `makefile', line 37):
	@ go run ./cadence/trigger/main.go RunOrder
	

connect:
#  Implicit rule search has not been done.
#  Modification time never checked.
#  File has not been updated.
#  commands to execute (from `makefile', line 49):
	@ kubectl proxy --port=9874 &
	

database:
#  Implicit rule search has not been done.
#  Modification time never checked.
#  File has not been updated.
#  commands to execute (from `makefile', line 25):
	@ echo
	@ echo "Starting Mongo..."
	@ echo
	docker-compose up -d mongodb
	

mock:
#  Implicit rule search has not been done.
#  Modification time never checked.
#  File has not been updated.
#  commands to execute (from `makefile', line 52):
	@ echo
	@ echo "Starting building mocks..."
	@ echo
	@ mockgen -source=domain/orders/service.go -destination=domain/orders/mocks/service_mock.go -package=mocks
	@ mockgen -source=domain/orders/repository.go -destination=domain/orders/mocks/repository_mock.go -package=mocks
	@ mockgen -source=domain/products/service.go -destination=domain/products/mocks/service_mock.go -package=mocks
	@ mockgen -source=domain/products/repository.go -destination=domain/products/mocks/repository_mock.go -package=mocks
	

# files hash-table stats:
# Load=16/1024=2%, Rehash=0, Collisions=0/29=0%
# VPATH Search Paths

# No `vpath' search paths.

# No general (`VPATH' variable) search path.

# # of strings in strcache: 2
# # of strcache buffers: 1
# strcache size: total = 4096 / max = 4096 / min = 4096 / avg = 4096
# strcache free: total = 4082 / max = 4082 / min = 4082 / avg = 4082

# Finished Make data base on Wed Jul 27 19:17:02 2022

 
